<?xml version="1.0" encoding="UTF-8"?>
  <testsuite name="ClusterLoaderV2" tests="0" failures="0" errors="0" time="58.451">
      <testcase name="kuberay overall (github.com/ray-project/kuberary/benchmark/perf-tests/100-raycluster/config.yaml)" classname="ClusterLoaderV2" time="58.449897441"></testcase>
      <testcase name="kuberay: [step: 01] Start measurements [00] - PodStartupLatency" classname="ClusterLoaderV2" time="0.271670737"></testcase>
      <testcase name="kuberay: [step: 01] Start measurements [01] - WaitForControlledPodsRunning" classname="ClusterLoaderV2" time="0.673679139"></testcase>
      <testcase name="kuberay: [step: 02] Creating Ray clusters" classname="ClusterLoaderV2" time="1.112338422"></testcase>
      <testcase name="kuberay: [step: 03] Wait for pods to be running [00] - WaitForControlledPodsRunning" classname="ClusterLoaderV2" time="5.199491235"></testcase>
      <testcase name="kuberay: [step: 04] Measure pod startup latency [00] - PodStartupLatency" classname="ClusterLoaderV2" time="0.477699884"></testcase>
  </testsuite>
